<?xml version="1.0" encoding="UTF-8"?>
<!-- Generated by org.testng.reporters.JUnitReportReporter -->
<testsuite hostname="Ananta" failures="0" tests="5" name="testCases.TC_VedioGAmeAPI" time="9.885" errors="0" timestamp="2024-01-03T18:17:50 MEZ" skipped="0">
  <testcase classname="testCases.TC_VedioGAmeAPI" name="test_GETallVedioGames" time="3.809"/>
  <testcase classname="testCases.TC_VedioGAmeAPI" name="test_AddaVedioGame" time="2.069"/>
  <testcase classname="testCases.TC_VedioGAmeAPI" name="test_GETAvediogamebyID" time="2.516"/>
  <testcase classname="testCases.TC_VedioGAmeAPI" name="test_UpdateAGameinDB" time="1.004"/>
  <testcase classname="testCases.TC_VedioGAmeAPI" name="test_DeleteGame" time="0.487"/>
</testsuite> <!-- testCases.TC_VedioGAmeAPI -->
