<?xml version="1.0" encoding="UTF-8"?>
<!-- Generated by org.testng.reporters.JUnitReportReporter -->
<testsuite hostname="Ananta" failures="0" tests="5" name="testCases.TC_VedioGAmeAPI" time="6.574" errors="0" timestamp="2024-01-03T18:35:33 MEZ" skipped="0">
  <testcase classname="testCases.TC_VedioGAmeAPI" name="test_GETallVedioGames" time="3.442"/>
  <testcase classname="testCases.TC_VedioGAmeAPI" name="test_AddaVedioGame" time="0.838"/>
  <testcase classname="testCases.TC_VedioGAmeAPI" name="test_GETAvediogamebyID" time="1.514"/>
  <testcase classname="testCases.TC_VedioGAmeAPI" name="test_UpdateAGameinDB" time="0.629"/>
  <testcase classname="testCases.TC_VedioGAmeAPI" name="test_DeleteGame" time="0.151"/>
</testsuite> <!-- testCases.TC_VedioGAmeAPI -->
